TN:
SF:/Code/cse100_pa4/src/Actor.cpp
FN:15,_ZN5ActorD2Ev
FN:23,_ZN5Actor18weightedPathfinderERSsS0_
FN:65,_ZN5Actor20unweightedPathfinderERSsS0_
FN:104,_ZN5Actor5clearEv
FN:119,_ZN5Actor8levelBFSERSsRSt13unordered_mapISsP9ActorNodeSt4hashISsESt8equal_toISsESaISt4pairIKSsS3_EEESD_
FN:146,_ZN5Actor12outputHelperERSt14priority_queueIP9ActorNodeSt6vectorIS2_SaIS2_EE13ActorNodeCompERS3_IS3_ISsSaISsEESaISA_EE
FN:160,_ZN5Actor8updatePQERP9ActorNodeRSt14priority_queueIS1_St6vectorIS1_SaIS1_EE13ActorNodeCompE
FN:177,_ZN5Actor13linkpredictorERSt6vectorISsSaISsEERS0_IS2_SaIS2_EES6_
FN:266,_Z41__static_initialization_and_destruction_0ii
FN:266,_GLOBAL__sub_I_Actor.cpp
FNDA:5,_Z41__static_initialization_and_destruction_0ii
FNDA:1,_ZN5Actor20unweightedPathfinderERSsS0_
FNDA:5,_ZN5ActorD2Ev
FNDA:1,_ZN5Actor18weightedPathfinderERSsS0_
FNDA:5,_GLOBAL__sub_I_Actor.cpp
FNDA:1,_ZN5Actor5clearEv
FNDA:1,_ZN5Actor8levelBFSERSsRSt13unordered_mapISsP9ActorNodeSt4hashISsESt8equal_toISsESaISt4pairIKSsS3_EEESD_
FNDA:213,_ZN5Actor8updatePQERP9ActorNodeRSt14priority_queueIS1_St6vectorIS1_SaIS1_EE13ActorNodeCompE
FNDA:1,_ZN5Actor13linkpredictorERSt6vectorISsSaISsEERS0_IS2_SaIS2_EES6_
FNDA:2,_ZN5Actor12outputHelperERSt14priority_queueIP9ActorNodeSt6vectorIS2_SaIS2_EE13ActorNodeCompERS3_IS3_ISsSaISsEESaISA_EE
FNF:10
FNH:10
BRDA:16,1,3,1920
BRDA:16,1,4,5
BRDA:17,0,1,1920
BRDA:17,0,2,0
BRDA:19,1,3,905
BRDA:19,1,4,5
BRDA:20,0,1,905
BRDA:20,0,2,0
BRDA:24,0,2,1
BRDA:24,0,3,0
BRDA:24,1,5,1
BRDA:24,1,6,0
BRDA:24,1,7,0
BRDA:24,1,8,1
BRDA:24,4,9,0
BRDA:24,4,10,1
BRDA:25,0,2,1
BRDA:25,0,3,0
BRDA:28,0,1,1
BRDA:28,0,2,0
BRDA:29,4294967295,1,1
BRDA:29,4294967295,2,0
BRDA:34,4294967295,1,1
BRDA:34,4294967295,2,0
BRDA:35,0,1,2
BRDA:35,0,2,0
BRDA:37,4294967295,1,2
BRDA:37,4294967295,2,0
BRDA:38,0,1,1
BRDA:38,0,2,1
BRDA:42,0,0,1
BRDA:42,0,1,0
BRDA:44,1,3,2
BRDA:44,1,4,1
BRDA:46,4294967295,0,0
BRDA:46,4294967295,1,2
BRDA:48,0,0,2
BRDA:48,0,1,0
BRDA:52,0,1,2
BRDA:52,0,2,0
BRDA:57,0,0,1
BRDA:57,0,1,0
BRDA:59,0,0,1
BRDA:59,0,1,1
BRDA:60,0,1,1
BRDA:60,0,2,0
BRDA:60,1,4,1
BRDA:60,1,5,0
BRDA:66,0,2,1
BRDA:66,0,3,0
BRDA:66,1,5,1
BRDA:66,1,6,0
BRDA:66,1,7,0
BRDA:66,1,8,1
BRDA:66,4,9,0
BRDA:66,4,10,1
BRDA:67,0,2,1
BRDA:67,0,3,0
BRDA:70,0,1,1
BRDA:70,0,2,0
BRDA:71,4294967295,1,1
BRDA:71,4294967295,2,0
BRDA:72,4294967295,1,1
BRDA:72,4294967295,2,0
BRDA:75,0,1,1
BRDA:75,0,2,0
BRDA:77,0,1,2
BRDA:77,0,2,0
BRDA:80,4294967295,1,1
BRDA:80,4294967295,2,1
BRDA:85,1,3,1
BRDA:85,1,4,1
BRDA:87,4294967295,0,1
BRDA:87,4294967295,1,0
BRDA:88,0,0,1
BRDA:88,0,1,0
BRDA:92,0,1,1
BRDA:92,0,2,0
BRDA:96,0,0,1
BRDA:96,0,1,0
BRDA:98,0,0,1
BRDA:98,0,1,1
BRDA:99,0,1,1
BRDA:99,0,2,0
BRDA:99,1,4,1
BRDA:99,1,5,0
BRDA:105,1,3,2
BRDA:105,1,4,1
BRDA:105,2,7,2
BRDA:105,2,8,0
BRDA:107,0,0,2
BRDA:107,0,1,0
BRDA:115,0,1,1
BRDA:115,0,2,1
BRDA:122,0,1,1
BRDA:122,0,2,0
BRDA:123,0,2,1
BRDA:123,0,3,0
BRDA:123,1,5,0
BRDA:123,1,6,1
BRDA:124,0,1,1
BRDA:124,0,2,0
BRDA:127,0,3,21
BRDA:127,0,4,1
BRDA:128,4294967295,0,0
BRDA:128,4294967295,1,21
BRDA:129,0,1,21
BRDA:129,0,2,0
BRDA:129,1,4,21
BRDA:129,1,5,0
BRDA:130,4294967295,1,21
BRDA:130,4294967295,2,0
BRDA:134,0,1,21
BRDA:134,0,2,1
BRDA:134,3,4,1
BRDA:134,3,5,0
BRDA:137,0,3,271
BRDA:137,0,4,21
BRDA:139,4294967295,0,44
BRDA:139,4294967295,1,227
BRDA:140,0,0,206
BRDA:140,0,1,65
BRDA:141,0,1,206
BRDA:141,0,2,0
BRDA:141,1,4,206
BRDA:141,1,5,0
BRDA:149,4294967295,1,2
BRDA:149,4294967295,2,0
BRDA:150,1,0,8
BRDA:150,1,1,2
BRDA:151,0,2,8
BRDA:151,0,3,0
BRDA:152,0,1,8
BRDA:152,0,2,0
BRDA:154,0,1,8
BRDA:154,0,2,2
BRDA:155,0,2,8
BRDA:155,0,3,0
BRDA:158,0,1,2
BRDA:158,0,2,0
BRDA:162,0,1,8
BRDA:162,0,2,205
BRDA:166,4294967295,0,5
BRDA:166,4294967295,1,200
BRDA:168,0,0,122
BRDA:168,0,1,78
BRDA:169,0,1,21
BRDA:169,0,2,101
BRDA:171,0,0,26
BRDA:171,0,1,179
BRDA:179,0,1,1
BRDA:179,0,2,0
BRDA:182,4294967295,1,1
BRDA:182,4294967295,2,0
BRDA:183,1,3,1
BRDA:183,1,4,1
BRDA:183,2,7,1
BRDA:183,2,8,0
BRDA:184,0,1,1
BRDA:184,0,2,0
BRDA:185,4,2,1
BRDA:185,4,3,0
BRDA:186,3,2,1
BRDA:186,3,3,0
BRDA:187,4294967295,1,1
BRDA:187,4294967295,2,0
BRDA:188,0,2,1
BRDA:188,0,3,0
BRDA:188,1,5,0
BRDA:188,1,6,1
BRDA:189,0,1,1
BRDA:189,0,2,0
BRDA:191,0,3,21
BRDA:191,0,4,1
BRDA:191,1,7,21
BRDA:191,1,8,0
BRDA:195,1,3,271
BRDA:195,1,4,21
BRDA:198,4294967295,0,44
BRDA:198,4294967295,1,227
BRDA:202,0,2,271
BRDA:202,0,3,0
BRDA:202,1,5,44
BRDA:202,1,6,227
BRDA:204,0,1,44
BRDA:204,0,2,0
BRDA:205,0,3,586
BRDA:205,0,4,44
BRDA:207,4294967295,0,96
BRDA:207,4294967295,1,490
BRDA:209,0,0,44
BRDA:209,0,1,542
BRDA:217,0,1,21
BRDA:217,0,2,0
BRDA:219,0,1,1
BRDA:219,0,2,0
BRDA:222,1,3,21
BRDA:222,1,4,1
BRDA:224,4294967295,0,0
BRDA:224,4294967295,1,21
BRDA:226,0,1,21
BRDA:226,0,2,0
BRDA:230,1,3,192
BRDA:230,1,4,1
BRDA:230,2,7,192
BRDA:230,2,8,0
BRDA:232,1,3,2683
BRDA:232,1,4,192
BRDA:235,4294967295,0,485
BRDA:235,4294967295,1,2198
BRDA:238,0,2,2683
BRDA:238,0,3,0
BRDA:238,1,5,206
BRDA:238,1,6,2477
BRDA:240,0,1,206
BRDA:240,0,2,0
BRDA:241,0,3,4482
BRDA:241,0,4,206
BRDA:243,4294967295,0,509
BRDA:243,4294967295,1,3973
BRDA:245,0,0,206
BRDA:245,0,1,4276
BRDA:251,0,1,192
BRDA:251,0,2,0
BRDA:253,0,1,1
BRDA:253,0,2,0
BRDA:255,0,1,21
BRDA:255,0,2,1
BRDA:255,3,4,1
BRDA:255,3,5,0
BRDA:258,0,3,271
BRDA:258,0,4,21
BRDA:260,4294967295,0,44
BRDA:260,4294967295,1,227
BRDA:261,0,0,0
BRDA:261,0,1,271
BRDA:266,3,1,5
BRDA:266,3,2,0
BRDA:266,4,3,5
BRDA:266,4,4,0
BRF:240
BRH:161
DA:15,10
DA:16,1925
DA:17,1920
DA:19,910
DA:20,905
DA:22,5
DA:23,1
DA:24,2
DA:25,1
DA:26,0
DA:28,1
DA:29,1
DA:31,2
DA:32,1
DA:33,1
DA:34,1
DA:35,2
DA:36,2
DA:37,2
DA:38,2
DA:39,1
DA:40,1
DA:42,1
DA:43,1
DA:44,3
DA:45,2
DA:46,2
DA:47,2
DA:48,2
DA:49,2
DA:50,2
DA:51,2
DA:52,2
DA:57,1
DA:58,1
DA:59,2
DA:60,1
DA:61,1
DA:65,1
DA:66,2
DA:67,1
DA:68,0
DA:70,1
DA:71,1
DA:72,2
DA:73,1
DA:75,1
DA:76,1
DA:77,2
DA:78,2
DA:79,2
DA:80,2
DA:81,1
DA:82,1
DA:85,2
DA:86,1
DA:87,1
DA:88,1
DA:89,1
DA:90,1
DA:91,1
DA:92,1
DA:96,1
DA:97,1
DA:98,2
DA:99,1
DA:100,1
DA:104,1
DA:105,3
DA:106,2
DA:107,2
DA:108,2
DA:109,2
DA:110,2
DA:111,2
DA:112,2
DA:115,2
DA:116,1
DA:118,1
DA:119,1
DA:122,2
DA:123,1
DA:124,1
DA:125,1
DA:127,22
DA:128,21
DA:129,21
DA:130,21
DA:131,21
DA:134,22
DA:135,21
DA:136,21
DA:137,292
DA:138,271
DA:139,271
DA:140,271
DA:141,206
DA:146,2
DA:147,4
DA:148,2
DA:149,4
DA:150,10
DA:151,8
DA:152,8
DA:154,10
DA:155,8
DA:156,8
DA:158,2
DA:159,2
DA:160,213
DA:161,213
DA:162,213
DA:163,8
DA:165,205
DA:166,205
DA:167,5
DA:168,200
DA:169,122
DA:171,205
DA:172,26
DA:173,26
DA:176,213
DA:177,1
DA:179,2
DA:180,2
DA:181,1
DA:182,2
DA:183,2
DA:184,1
DA:185,2
DA:186,2
DA:187,1
DA:188,1
DA:189,1
DA:191,22
DA:192,21
DA:195,292
DA:197,542
DA:198,271
DA:202,271
DA:204,44
DA:205,630
DA:206,586
DA:207,586
DA:209,586
DA:210,44
DA:213,44
DA:215,271
DA:217,21
DA:219,1
DA:221,1
DA:222,22
DA:223,21
DA:224,21
DA:225,21
DA:226,21
DA:227,21
DA:230,193
DA:231,192
DA:232,2875
DA:234,5366
DA:235,2683
DA:238,2683
DA:240,206
DA:241,4688
DA:242,4482
DA:243,4482
DA:245,4482
DA:247,206
DA:249,2683
DA:251,192
DA:253,1
DA:255,22
DA:256,21
DA:257,21
DA:258,292
DA:259,271
DA:260,271
DA:261,271
DA:262,271
DA:266,21
LF:181
LH:179
end_of_record
TN:
SF:/Code/cse100_pa4/src/Actor.hpp
FN:25,_ZN5ActorC2Ev
FNDA:5,_ZN5ActorC2Ev
FNF:1
FNH:1
BRDA:25,1,3,5
BRDA:25,1,4,0
BRF:2
BRH:1
DA:25,5
LF:1
LH:1
end_of_record
TN:
SF:/Code/cse100_pa4/src/ActorGraph/ActorGraph.cpp
FN:25,_ZN10ActorGraphC2Ev
FN:37,_ZN10ActorGraph12loadFromFileEPKcbR5Actor
FN:115,_ZN10ActorGraph9writeFileERSt6vectorISt4pairISsSt5stackIS1_ISsSsESt5dequeIS3_SaIS3_EEEESaIS8_EESs
FN:141,_ZN10ActorGraph9writeFileERSt6vectorIS0_ISsSaISsEESaIS2_EES5_SsSs
FN:166,_ZN10ActorGraph17writeTravelerFileESsRSt6vectorI4EdgeSaIS1_EEi
FN:180,_ZN10ActorGraph8readFileESs
FN:220,_ZN10ActorGraph13readActorFileESs
FN:258,_Z41__static_initialization_and_destruction_0ii
FN:258,_GLOBAL__sub_I_ActorGraph.cpp
FNDA:5,_Z41__static_initialization_and_destruction_0ii
FNDA:4,_ZN10ActorGraph12loadFromFileEPKcbR5Actor
FNDA:5,_ZN10ActorGraphC2Ev
FNDA:1,_ZN10ActorGraph9writeFileERSt6vectorIS0_ISsSaISsEESaIS2_EES5_SsSs
FNDA:5,_GLOBAL__sub_I_ActorGraph.cpp
FNDA:1,_ZN10ActorGraph17writeTravelerFileESsRSt6vectorI4EdgeSaIS1_EEi
FNDA:1,_ZN10ActorGraph13readActorFileESs
FNDA:1,_ZN10ActorGraph9writeFileERSt6vectorISt4pairISsSt5stackIS1_ISsSsESt5dequeIS3_SaIS3_EEEESaIS8_EESs
FNDA:1,_ZN10ActorGraph8readFileESs
FNF:9
FNH:9
BRDA:40,0,1,4
BRDA:40,0,2,0
BRDA:45,0,1,3114
BRDA:45,0,2,0
BRDA:45,1,3,3114
BRDA:45,1,4,0
BRDA:46,0,1,3114
BRDA:46,0,2,0
BRDA:48,0,1,3114
BRDA:48,0,2,0
BRDA:48,1,4,3114
BRDA:48,1,5,0
BRDA:48,2,6,4
BRDA:48,2,7,3110
BRDA:50,0,0,4
BRDA:50,0,1,3106
BRDA:56,0,1,3106
BRDA:56,0,2,0
BRDA:56,4,4,3106
BRDA:56,4,5,4
BRDA:56,4,6,4
BRDA:57,4,2,3106
BRDA:57,4,3,0
BRDA:59,0,1,12424
BRDA:59,0,2,0
BRDA:59,1,3,12424
BRDA:59,1,4,0
BRDA:60,0,1,12424
BRDA:60,0,2,0
BRDA:64,0,1,12424
BRDA:64,0,2,0
BRDA:64,1,4,12424
BRDA:64,1,5,0
BRDA:64,2,6,3106
BRDA:64,2,7,9318
BRDA:65,0,1,9318
BRDA:65,0,2,0
BRDA:65,2,4,9318
BRDA:65,2,5,3106
BRDA:68,0,1,0
BRDA:68,0,2,3106
BRDA:73,0,2,3106
BRDA:73,0,3,0
BRDA:73,1,6,3106
BRDA:73,1,7,0
BRDA:74,0,2,3106
BRDA:74,0,3,0
BRDA:75,0,2,3106
BRDA:75,0,3,0
BRDA:76,0,2,3106
BRDA:76,0,3,0
BRDA:76,1,5,3106
BRDA:76,1,6,0
BRDA:77,4294967295,2,3106
BRDA:77,4294967295,3,0
BRDA:77,0,5,1918
BRDA:77,0,6,1188
BRDA:78,0,1,1918
BRDA:78,0,2,0
BRDA:78,1,4,1918
BRDA:78,1,5,0
BRDA:78,2,7,1918
BRDA:78,2,8,0
BRDA:79,4294967295,1,1918
BRDA:79,4294967295,2,0
BRDA:79,0,4,1918
BRDA:79,0,5,0
BRDA:81,0,2,3106
BRDA:81,0,3,0
BRDA:81,1,5,904
BRDA:81,1,6,2202
BRDA:82,0,1,904
BRDA:82,0,2,0
BRDA:82,1,4,904
BRDA:82,1,5,0
BRDA:82,2,7,904
BRDA:82,2,8,0
BRDA:83,4294967295,1,904
BRDA:83,4294967295,2,0
BRDA:83,0,4,904
BRDA:83,0,5,0
BRDA:85,0,1,3106
BRDA:85,0,2,0
BRDA:86,0,1,3106
BRDA:86,0,2,0
BRDA:89,0,2,3106
BRDA:89,0,3,0
BRDA:89,1,5,3106
BRDA:89,1,6,0
BRDA:90,0,2,3106
BRDA:90,0,3,0
BRDA:90,1,5,3106
BRDA:90,1,6,0
BRDA:91,1,4,4474
BRDA:91,1,5,3106
BRDA:92,4294967295,0,4456
BRDA:92,4294967295,1,18
BRDA:95,4294967295,1,4456
BRDA:95,4294967295,2,0
BRDA:96,0,2,4456
BRDA:96,0,3,0
BRDA:100,4294967295,1,18
BRDA:100,4294967295,2,0
BRDA:101,0,2,18
BRDA:101,0,3,0
BRDA:102,0,1,18
BRDA:102,0,2,0
BRDA:105,0,3,3106
BRDA:105,0,4,0
BRDA:107,0,1,4
BRDA:107,0,2,0
BRDA:107,1,3,0
BRDA:107,1,4,4
BRDA:108,0,1,-
BRDA:108,0,2,-
BRDA:108,1,4,-
BRDA:108,1,5,-
BRDA:108,2,7,-
BRDA:108,2,8,-
BRDA:111,0,1,4
BRDA:111,0,2,0
BRDA:118,0,1,1
BRDA:118,0,2,0
BRDA:119,0,1,1
BRDA:119,0,2,0
BRDA:120,0,1,1
BRDA:120,0,2,0
BRDA:120,1,4,1
BRDA:120,1,5,0
BRDA:121,1,3,1
BRDA:121,1,4,1
BRDA:121,2,7,1
BRDA:121,2,8,0
BRDA:122,0,1,1
BRDA:122,0,2,0
BRDA:123,0,1,1
BRDA:123,0,2,0
BRDA:124,0,1,1
BRDA:124,0,2,0
BRDA:124,1,4,1
BRDA:124,1,5,0
BRDA:124,2,7,1
BRDA:124,2,8,0
BRDA:126,0,1,-
BRDA:126,0,2,-
BRDA:129,0,1,1
BRDA:129,0,2,1
BRDA:130,0,2,1
BRDA:130,0,3,0
BRDA:133,4294967295,1,1
BRDA:133,4294967295,2,0
BRDA:133,0,4,1
BRDA:133,0,5,0
BRDA:133,1,7,1
BRDA:133,1,8,0
BRDA:133,2,10,1
BRDA:133,2,11,0
BRDA:133,3,13,1
BRDA:133,3,14,0
BRDA:133,4,16,1
BRDA:133,4,17,0
BRDA:134,0,1,0
BRDA:134,0,2,1
BRDA:134,1,4,-
BRDA:134,1,5,-
BRDA:136,0,1,1
BRDA:136,0,2,0
BRDA:136,2,4,1
BRDA:136,2,5,0
BRDA:139,0,1,1
BRDA:139,0,2,0
BRDA:144,0,1,1
BRDA:144,0,2,0
BRDA:145,0,1,1
BRDA:145,0,2,0
BRDA:146,0,1,1
BRDA:146,0,2,0
BRDA:146,1,4,1
BRDA:146,1,5,0
BRDA:147,1,3,1
BRDA:147,1,4,1
BRDA:147,2,7,1
BRDA:147,2,8,0
BRDA:148,1,1,4
BRDA:148,1,2,1
BRDA:149,0,2,4
BRDA:149,0,3,0
BRDA:150,0,1,3
BRDA:150,0,2,1
BRDA:150,1,4,3
BRDA:150,1,5,0
BRDA:152,0,1,1
BRDA:152,0,2,0
BRDA:154,0,1,1
BRDA:154,0,2,0
BRDA:155,0,1,1
BRDA:155,0,2,0
BRDA:156,0,1,1
BRDA:156,0,2,0
BRDA:156,1,4,1
BRDA:156,1,5,0
BRDA:157,1,3,1
BRDA:157,1,4,1
BRDA:157,2,7,1
BRDA:157,2,8,0
BRDA:158,1,1,4
BRDA:158,1,2,1
BRDA:159,0,2,4
BRDA:159,0,3,0
BRDA:160,0,1,3
BRDA:160,0,2,1
BRDA:160,1,4,3
BRDA:160,1,5,0
BRDA:162,0,1,1
BRDA:162,0,2,0
BRDA:164,0,1,1
BRDA:164,0,2,0
BRDA:168,0,1,1
BRDA:168,0,2,0
BRDA:169,0,1,1
BRDA:169,0,2,0
BRDA:170,0,1,1
BRDA:170,0,2,0
BRDA:170,1,4,1
BRDA:170,1,5,0
BRDA:171,1,1,6
BRDA:171,1,2,1
BRDA:173,0,1,6
BRDA:173,0,2,0
BRDA:173,0,4,6
BRDA:173,0,5,0
BRDA:173,1,7,6
BRDA:173,1,8,0
BRDA:173,1,10,6
BRDA:173,1,11,0
BRDA:173,2,13,6
BRDA:173,2,14,0
BRDA:173,3,17,6
BRDA:173,3,18,0
BRDA:173,4,20,6
BRDA:173,4,21,0
BRDA:173,5,23,6
BRDA:173,5,24,0
BRDA:175,0,1,1
BRDA:175,0,2,0
BRDA:175,1,5,1
BRDA:175,1,6,0
BRDA:175,2,8,1
BRDA:175,2,9,0
BRDA:176,0,1,1
BRDA:176,0,2,0
BRDA:176,1,5,1
BRDA:176,1,6,0
BRDA:176,2,8,1
BRDA:176,2,9,0
BRDA:177,0,1,1
BRDA:177,0,2,0
BRDA:177,1,4,1
BRDA:177,1,5,0
BRDA:177,2,7,1
BRDA:177,2,8,0
BRDA:178,0,1,1
BRDA:178,0,2,0
BRDA:181,0,1,1
BRDA:181,0,2,0
BRDA:183,0,1,9
BRDA:183,0,2,0
BRDA:183,1,3,9
BRDA:183,1,4,0
BRDA:184,0,1,9
BRDA:184,0,2,0
BRDA:186,0,1,9
BRDA:186,0,2,0
BRDA:186,1,4,9
BRDA:186,1,5,0
BRDA:186,2,6,1
BRDA:186,2,7,8
BRDA:188,0,0,1
BRDA:188,0,1,7
BRDA:193,0,1,7
BRDA:193,0,2,0
BRDA:193,4,4,6
BRDA:193,4,5,1
BRDA:193,4,6,2
BRDA:194,4,2,6
BRDA:194,4,3,1
BRDA:195,0,1,20
BRDA:195,0,2,0
BRDA:195,1,3,20
BRDA:195,1,4,0
BRDA:196,0,1,20
BRDA:196,0,2,0
BRDA:199,0,1,20
BRDA:199,0,2,0
BRDA:199,1,4,20
BRDA:199,1,5,0
BRDA:199,2,6,7
BRDA:199,2,7,13
BRDA:200,0,1,13
BRDA:200,0,2,0
BRDA:200,2,4,13
BRDA:200,2,5,7
BRDA:203,0,1,1
BRDA:203,0,2,6
BRDA:207,0,2,6
BRDA:207,0,3,0
BRDA:207,1,6,6
BRDA:207,1,7,1
BRDA:208,0,2,6
BRDA:208,0,3,0
BRDA:209,0,1,6
BRDA:209,0,2,0
BRDA:209,1,4,6
BRDA:209,1,5,0
BRDA:211,0,1,1
BRDA:211,0,2,0
BRDA:211,1,3,0
BRDA:211,1,4,1
BRDA:212,0,1,-
BRDA:212,0,2,-
BRDA:212,1,4,-
BRDA:212,1,5,-
BRDA:212,2,7,-
BRDA:212,2,8,-
BRDA:215,0,1,1
BRDA:215,0,2,0
BRDA:221,0,1,1
BRDA:221,0,2,0
BRDA:223,0,1,10
BRDA:223,0,2,0
BRDA:223,1,3,10
BRDA:223,1,4,0
BRDA:224,0,1,10
BRDA:224,0,2,0
BRDA:226,0,1,10
BRDA:226,0,2,0
BRDA:226,1,4,10
BRDA:226,1,5,0
BRDA:226,2,6,1
BRDA:226,2,7,9
BRDA:228,0,0,1
BRDA:228,0,1,8
BRDA:234,0,1,8
BRDA:234,0,2,0
BRDA:234,4,4,7
BRDA:234,4,5,1
BRDA:234,4,6,2
BRDA:235,4,2,7
BRDA:235,4,3,1
BRDA:236,0,1,15
BRDA:236,0,2,0
BRDA:236,1,3,15
BRDA:236,1,4,0
BRDA:237,0,1,15
BRDA:237,0,2,0
BRDA:240,0,1,15
BRDA:240,0,2,0
BRDA:240,1,4,15
BRDA:240,1,5,0
BRDA:240,2,6,8
BRDA:240,2,7,7
BRDA:241,0,1,7
BRDA:241,0,2,0
BRDA:241,2,4,7
BRDA:241,2,5,8
BRDA:244,0,1,1
BRDA:244,0,2,7
BRDA:248,0,2,7
BRDA:248,0,3,0
BRDA:248,2,6,7
BRDA:248,2,7,1
BRDA:249,0,1,7
BRDA:249,0,2,0
BRDA:251,0,1,1
BRDA:251,0,2,0
BRDA:251,1,3,0
BRDA:251,1,4,1
BRDA:252,0,1,-
BRDA:252,0,2,-
BRDA:252,1,4,-
BRDA:252,1,5,-
BRDA:252,2,7,-
BRDA:252,2,8,-
BRDA:255,0,1,1
BRDA:255,0,2,0
BRDA:258,3,1,5
BRDA:258,3,2,0
BRDA:258,4,3,5
BRDA:258,4,4,0
BRF:389
BRH:219
DA:25,10
DA:37,4
DA:40,8
DA:42,4
DA:45,3114
DA:46,6228
DA:48,3114
DA:50,3110
DA:52,4
DA:53,4
DA:56,6220
DA:57,6212
DA:59,15530
DA:60,21742
DA:64,12424
DA:65,12424
DA:68,3106
DA:70,0
DA:73,6212
DA:74,6212
DA:75,3106
DA:76,6212
DA:77,3106
DA:78,1918
DA:79,1918
DA:81,3106
DA:82,904
DA:83,904
DA:85,3106
DA:86,3106
DA:87,3106
DA:89,3106
DA:90,3106
DA:91,7580
DA:92,4474
DA:94,4456
DA:95,4456
DA:96,4456
DA:98,18
DA:99,18
DA:100,18
DA:101,18
DA:102,18
DA:105,3106
DA:107,4
DA:108,0
DA:109,0
DA:111,4
DA:113,4
DA:115,1
DA:118,2
DA:119,1
DA:120,1
DA:121,2
DA:122,1
DA:123,2
DA:124,1
DA:126,0
DA:127,0
DA:129,2
DA:130,2
DA:131,1
DA:133,1
DA:134,1
DA:136,1
DA:139,1
DA:140,1
DA:141,1
DA:144,2
DA:145,1
DA:146,1
DA:147,2
DA:148,5
DA:149,4
DA:150,4
DA:152,1
DA:154,1
DA:155,1
DA:156,1
DA:157,2
DA:158,5
DA:159,4
DA:160,4
DA:162,1
DA:164,1
DA:165,1
DA:166,1
DA:168,2
DA:169,1
DA:170,1
DA:171,7
DA:172,12
DA:173,18
DA:175,1
DA:176,1
DA:177,1
DA:178,1
DA:179,1
DA:180,1
DA:181,2
DA:182,1
DA:183,9
DA:184,18
DA:186,9
DA:188,8
DA:190,1
DA:191,1
DA:193,16
DA:194,14
DA:195,27
DA:196,33
DA:199,20
DA:200,20
DA:203,7
DA:205,1
DA:207,13
DA:208,12
DA:209,6
DA:211,1
DA:212,0
DA:213,0
DA:215,1
DA:217,1
DA:220,1
DA:221,2
DA:222,1
DA:223,10
DA:224,20
DA:226,10
DA:228,9
DA:230,1
DA:231,1
DA:234,18
DA:235,16
DA:236,23
DA:237,22
DA:240,15
DA:241,15
DA:244,8
DA:246,1
DA:248,15
DA:249,7
DA:251,1
DA:252,0
DA:253,0
DA:255,1
DA:257,1
DA:258,20
LF:148
LH:139
end_of_record
TN:
SF:/Code/cse100_pa4/src/ActorGraph/ActorGraph.hpp
FN:28,_ZN10ActorGraphD2Ev
FNDA:5,_ZN10ActorGraphD2Ev
FNF:1
FNH:1
DA:28,10
LF:1
LH:1
end_of_record
TN:
SF:/Code/cse100_pa4/src/DisjointSet.cpp
FN:5,_ZN11DisjointSet4findERP9ActorNodeR5Actor
FN:17,_ZN11DisjointSet5UnionERP9ActorNodeS2_R5Actor
FN:33,_ZN11DisjointSet15pathCompressionERSt6vectorIP9ActorNodeSaIS2_EERS2_R5Actor
FN:39,_ZN11DisjointSet3MSTER5ActorRSt6vectorI4EdgeSaIS3_EE
FNDA:30,_ZN11DisjointSet15pathCompressionERSt6vectorIP9ActorNodeSaIS2_EERS2_R5Actor
FNDA:1,_ZN11DisjointSet3MSTER5ActorRSt6vectorI4EdgeSaIS3_EE
FNDA:6,_ZN11DisjointSet5UnionERP9ActorNodeS2_R5Actor
FNDA:30,_ZN11DisjointSet4findERP9ActorNodeR5Actor
FNF:4
FNH:4
BRDA:8,4294967295,1,30
BRDA:8,4294967295,2,0
BRDA:9,0,2,40
BRDA:9,0,3,0
BRDA:9,1,5,10
BRDA:9,1,6,30
BRDA:9,4,7,10
BRDA:9,4,8,30
BRDA:10,0,1,10
BRDA:10,0,2,0
BRDA:12,4294967295,1,10
BRDA:12,4294967295,2,0
BRDA:14,0,1,30
BRDA:14,0,2,0
BRDA:18,0,1,6
BRDA:18,0,2,0
BRDA:19,0,1,6
BRDA:19,0,2,0
BRDA:20,0,0,6
BRDA:20,0,1,0
BRDA:21,0,1,6
BRDA:21,0,2,0
BRDA:21,1,4,1
BRDA:21,1,5,5
BRDA:22,4294967295,1,6
BRDA:22,4294967295,2,0
BRDA:23,0,1,1
BRDA:23,0,2,0
BRDA:24,0,1,5
BRDA:24,0,2,0
BRDA:24,1,4,2
BRDA:24,1,5,3
BRDA:25,4294967295,1,5
BRDA:25,4294967295,2,0
BRDA:26,0,1,2
BRDA:26,0,2,0
BRDA:28,0,1,3
BRDA:28,0,2,0
BRDA:29,4294967295,1,3
BRDA:29,4294967295,2,0
BRDA:35,1,3,10
BRDA:35,1,4,30
BRDA:36,4294967295,1,10
BRDA:36,4294967295,2,0
BRDA:41,0,1,10
BRDA:41,0,2,0
BRDA:41,1,4,9
BRDA:41,1,5,1
BRDA:41,4,6,9
BRDA:41,4,7,1
BRDA:43,4294967295,1,9
BRDA:43,4294967295,2,0
BRDA:44,0,1,9
BRDA:44,0,2,0
BRDA:45,0,1,9
BRDA:45,0,2,0
BRDA:46,0,0,6
BRDA:46,0,1,3
BRDA:47,0,1,6
BRDA:47,0,2,0
BRDA:48,0,1,6
BRDA:48,0,2,0
BRF:62
BRH:39
DA:5,30
DA:6,30
DA:7,60
DA:8,30
DA:9,40
DA:10,10
DA:11,10
DA:12,10
DA:14,30
DA:15,30
DA:17,6
DA:18,6
DA:19,6
DA:20,6
DA:21,12
DA:22,6
DA:23,1
DA:24,10
DA:25,5
DA:26,2
DA:28,3
DA:29,6
DA:32,6
DA:33,30
DA:35,40
DA:36,10
DA:38,30
DA:39,1
DA:40,1
DA:41,10
DA:42,9
DA:43,9
DA:44,9
DA:45,9
DA:46,9
DA:47,6
DA:48,6
DA:49,6
DA:50,6
DA:53,1
LF:40
LH:40
end_of_record
TN:
SF:/Code/cse100_pa4/src/Node/ActorNode.hpp
FN:36,_ZN9ActorNodeC2ESs
FN:38,_ZN9ActorNodeD2Ev
FN:45,_ZNK13ActorNodeCompclERP9ActorNodeS2_
FN:57,_ZNK12ActorDisCompclERP9ActorNodeS2_
FNDA:1920,_ZN9ActorNodeD2Ev
FNDA:1,_ZNK12ActorDisCompclERP9ActorNodeS2_
FNDA:103,_ZNK13ActorNodeCompclERP9ActorNodeS2_
FNDA:1920,_ZN9ActorNodeC2ESs
FNF:4
FNH:4
BRDA:36,1,3,1920
BRDA:36,1,4,0
BRDA:46,0,0,81
BRDA:46,0,1,22
BRDA:58,0,0,1
BRDA:58,0,1,0
BRF:6
BRH:4
DA:36,1920
DA:38,3840
DA:45,103
DA:46,103
DA:47,81
DA:49,22
DA:57,1
DA:58,1
DA:59,1
DA:61,0
LF:10
LH:9
end_of_record
TN:
SF:/Code/cse100_pa4/src/Node/Edge.hpp
FN:27,_ZN4EdgeC2EP9ActorNodeS1_P9MovieNodei
FN:32,_ZNK8EdgeCompclER4EdgeS1_
FNDA:45,_ZNK8EdgeCompclER4EdgeS1_
FNDA:4475,_ZN4EdgeC2EP9ActorNodeS1_P9MovieNodei
FNF:2
FNH:2
DA:27,4475
DA:28,4475
DA:32,45
DA:33,45
LF:4
LH:4
end_of_record
TN:
SF:/Code/cse100_pa4/src/Node/MovieNode.hpp
FN:32,_ZN9MovieNodeC2ESsi
FN:34,_ZN9MovieNodeD2Ev
FNDA:905,_ZN9MovieNodeD2Ev
FNDA:905,_ZN9MovieNodeC2ESsi
FNF:2
FNH:2
DA:32,1810
DA:34,1810
LF:2
LH:2
end_of_record
TN:
SF:/Code/cse100_pa4/src/linkpredictor.cpp
FN:21,main
FN:50,_Z41__static_initialization_and_destruction_0ii
FN:50,_GLOBAL__sub_I_main
FNDA:0,_Z41__static_initialization_and_destruction_0ii
FNDA:0,_GLOBAL__sub_I_main
FNDA:0,main
FNF:3
FNH:0
DA:21,0
DA:22,0
DA:23,0
DA:25,0
DA:26,0
DA:27,0
DA:28,0
DA:29,0
DA:30,0
DA:31,0
DA:32,0
DA:33,0
DA:34,0
DA:35,0
DA:37,0
DA:38,0
DA:39,0
DA:41,0
DA:43,0
DA:45,0
DA:47,0
DA:49,0
DA:50,0
LF:23
LH:0
end_of_record
TN:
SF:/Code/cse100_pa4/src/movietraveler.cpp
FN:10,main
FN:28,_Z41__static_initialization_and_destruction_0ii
FN:28,_GLOBAL__sub_I_main
FNDA:0,_Z41__static_initialization_and_destruction_0ii
FNDA:0,_GLOBAL__sub_I_main
FNDA:0,main
FNF:3
FNH:0
DA:10,0
DA:11,0
DA:12,0
DA:13,0
DA:14,0
DA:15,0
DA:16,0
DA:17,0
DA:18,0
DA:19,0
DA:20,0
DA:21,0
DA:23,0
DA:24,0
DA:25,0
DA:26,0
DA:27,0
DA:28,0
LF:18
LH:0
end_of_record
TN:
SF:/Code/cse100_pa4/src/pathfinder.cpp
FN:17,main
FN:67,_Z41__static_initialization_and_destruction_0ii
FN:67,_GLOBAL__sub_I_main
FNDA:0,_Z41__static_initialization_and_destruction_0ii
FNDA:0,_GLOBAL__sub_I_main
FNDA:0,main
FNF:3
FNH:0
DA:17,0
DA:18,0
DA:19,0
DA:20,0
DA:21,0
DA:23,0
DA:24,0
DA:25,0
DA:26,0
DA:27,0
DA:28,0
DA:29,0
DA:30,0
DA:31,0
DA:32,0
DA:33,0
DA:35,0
DA:36,0
DA:39,0
DA:41,0
DA:42,0
DA:43,0
DA:44,0
DA:45,0
DA:46,0
DA:49,0
DA:50,0
DA:53,0
DA:55,0
DA:56,0
DA:57,0
DA:58,0
DA:59,0
DA:60,0
DA:63,0
DA:66,0
DA:67,0
LF:37
LH:0
end_of_record
