TN:
SF:/Code/cse100_pa4/src/Actor.cpp
FN:15,_ZN5ActorD2Ev
FN:23,_ZN5Actor18weightedPathfinderERSsS0_
FN:65,_ZN5Actor20unweightedPathfinderERSsS0_
FN:104,_ZN5Actor5clearEv
FN:119,_ZN5Actor8levelBFSERSsRSt13unordered_mapISsP9ActorNodeSt4hashISsESt8equal_toISsESaISt4pairIKSsS3_EEESD_
FN:146,_ZN5Actor12outputHelperERSt14priority_queueIP9ActorNodeSt6vectorIS2_SaIS2_EE13ActorNodeCompERS3_IS3_ISsSaISsEESaISA_EE
FN:160,_ZN5Actor8updatePQERP9ActorNodeRSt14priority_queueIS1_St6vectorIS1_SaIS1_EE13ActorNodeCompE
FN:177,_ZN5Actor13linkpredictorERSt6vectorISsSaISsEERS0_IS2_SaIS2_EES6_
FN:266,_Z41__static_initialization_and_destruction_0ii
FN:266,_GLOBAL__sub_I_Actor.cpp
FNDA:4,_Z41__static_initialization_and_destruction_0ii
FNDA:1,_ZN5Actor20unweightedPathfinderERSsS0_
FNDA:4,_ZN5ActorD2Ev
FNDA:1,_ZN5Actor18weightedPathfinderERSsS0_
FNDA:4,_GLOBAL__sub_I_Actor.cpp
FNDA:1,_ZN5Actor5clearEv
FNDA:1,_ZN5Actor8levelBFSERSsRSt13unordered_mapISsP9ActorNodeSt4hashISsESt8equal_toISsESaISt4pairIKSsS3_EEESD_
FNDA:213,_ZN5Actor8updatePQERP9ActorNodeRSt14priority_queueIS1_St6vectorIS1_SaIS1_EE13ActorNodeCompE
FNDA:1,_ZN5Actor13linkpredictorERSt6vectorISsSaISsEERS0_IS2_SaIS2_EES6_
FNDA:2,_ZN5Actor12outputHelperERSt14priority_queueIP9ActorNodeSt6vectorIS2_SaIS2_EE13ActorNodeCompERS3_IS3_ISsSaISsEESaISA_EE
FNF:10
FNH:10
BRDA:16,1,3,1913
BRDA:16,1,4,4
BRDA:17,0,1,1913
BRDA:17,0,2,0
BRDA:19,1,3,898
BRDA:19,1,4,4
BRDA:20,0,1,898
BRDA:20,0,2,0
BRDA:24,0,2,1
BRDA:24,0,3,0
BRDA:24,1,5,1
BRDA:24,1,6,0
BRDA:24,1,7,0
BRDA:24,1,8,1
BRDA:24,4,9,0
BRDA:24,4,10,1
BRDA:25,0,2,1
BRDA:25,0,3,0
BRDA:28,0,1,1
BRDA:28,0,2,0
BRDA:29,4294967295,1,1
BRDA:29,4294967295,2,0
BRDA:34,4294967295,1,1
BRDA:34,4294967295,2,0
BRDA:35,0,1,2
BRDA:35,0,2,0
BRDA:37,4294967295,1,2
BRDA:37,4294967295,2,0
BRDA:38,0,1,1
BRDA:38,0,2,1
BRDA:42,0,0,1
BRDA:42,0,1,0
BRDA:44,1,3,2
BRDA:44,1,4,1
BRDA:46,4294967295,0,0
BRDA:46,4294967295,1,2
BRDA:48,0,0,2
BRDA:48,0,1,0
BRDA:52,0,1,2
BRDA:52,0,2,0
BRDA:57,0,0,1
BRDA:57,0,1,0
BRDA:59,0,0,1
BRDA:59,0,1,1
BRDA:60,0,1,1
BRDA:60,0,2,0
BRDA:60,1,4,1
BRDA:60,1,5,0
BRDA:66,0,2,1
BRDA:66,0,3,0
BRDA:66,1,5,1
BRDA:66,1,6,0
BRDA:66,1,7,0
BRDA:66,1,8,1
BRDA:66,4,9,0
BRDA:66,4,10,1
BRDA:67,0,2,1
BRDA:67,0,3,0
BRDA:70,0,1,1
BRDA:70,0,2,0
BRDA:71,4294967295,1,1
BRDA:71,4294967295,2,0
BRDA:72,4294967295,1,1
BRDA:72,4294967295,2,0
BRDA:75,0,1,1
BRDA:75,0,2,0
BRDA:77,0,1,2
BRDA:77,0,2,0
BRDA:80,4294967295,1,1
BRDA:80,4294967295,2,1
BRDA:85,1,3,1
BRDA:85,1,4,1
BRDA:87,4294967295,0,1
BRDA:87,4294967295,1,0
BRDA:88,0,0,1
BRDA:88,0,1,0
BRDA:92,0,1,1
BRDA:92,0,2,0
BRDA:96,0,0,1
BRDA:96,0,1,0
BRDA:98,0,0,1
BRDA:98,0,1,1
BRDA:99,0,1,1
BRDA:99,0,2,0
BRDA:99,1,4,1
BRDA:99,1,5,0
BRDA:105,1,3,2
BRDA:105,1,4,1
BRDA:105,2,7,2
BRDA:105,2,8,0
BRDA:107,0,0,2
BRDA:107,0,1,0
BRDA:115,0,1,1
BRDA:115,0,2,1
BRDA:122,0,1,1
BRDA:122,0,2,0
BRDA:123,0,2,1
BRDA:123,0,3,0
BRDA:123,1,5,0
BRDA:123,1,6,1
BRDA:124,0,1,1
BRDA:124,0,2,0
BRDA:127,0,3,21
BRDA:127,0,4,1
BRDA:128,4294967295,0,0
BRDA:128,4294967295,1,21
BRDA:129,0,1,21
BRDA:129,0,2,0
BRDA:129,1,4,21
BRDA:129,1,5,0
BRDA:130,4294967295,1,21
BRDA:130,4294967295,2,0
BRDA:134,0,1,21
BRDA:134,0,2,1
BRDA:134,3,4,1
BRDA:134,3,5,0
BRDA:137,0,3,271
BRDA:137,0,4,21
BRDA:139,4294967295,0,44
BRDA:139,4294967295,1,227
BRDA:140,0,0,206
BRDA:140,0,1,65
BRDA:141,0,1,206
BRDA:141,0,2,0
BRDA:141,1,4,206
BRDA:141,1,5,0
BRDA:149,4294967295,1,2
BRDA:149,4294967295,2,0
BRDA:150,1,0,8
BRDA:150,1,1,2
BRDA:151,0,2,8
BRDA:151,0,3,0
BRDA:152,0,1,8
BRDA:152,0,2,0
BRDA:154,0,1,8
BRDA:154,0,2,2
BRDA:155,0,2,8
BRDA:155,0,3,0
BRDA:158,0,1,2
BRDA:158,0,2,0
BRDA:162,0,1,8
BRDA:162,0,2,205
BRDA:166,4294967295,0,5
BRDA:166,4294967295,1,200
BRDA:168,0,0,122
BRDA:168,0,1,78
BRDA:169,0,1,21
BRDA:169,0,2,101
BRDA:171,0,0,26
BRDA:171,0,1,179
BRDA:179,0,1,1
BRDA:179,0,2,0
BRDA:182,4294967295,1,1
BRDA:182,4294967295,2,0
BRDA:183,1,3,1
BRDA:183,1,4,1
BRDA:183,2,7,1
BRDA:183,2,8,0
BRDA:184,0,1,1
BRDA:184,0,2,0
BRDA:185,4,2,1
BRDA:185,4,3,0
BRDA:186,3,2,1
BRDA:186,3,3,0
BRDA:187,4294967295,1,1
BRDA:187,4294967295,2,0
BRDA:188,0,2,1
BRDA:188,0,3,0
BRDA:188,1,5,0
BRDA:188,1,6,1
BRDA:189,0,1,1
BRDA:189,0,2,0
BRDA:191,0,3,21
BRDA:191,0,4,1
BRDA:191,1,7,21
BRDA:191,1,8,0
BRDA:195,1,3,271
BRDA:195,1,4,21
BRDA:198,4294967295,0,44
BRDA:198,4294967295,1,227
BRDA:202,0,2,271
BRDA:202,0,3,0
BRDA:202,1,5,44
BRDA:202,1,6,227
BRDA:204,0,1,44
BRDA:204,0,2,0
BRDA:205,0,3,586
BRDA:205,0,4,44
BRDA:207,4294967295,0,96
BRDA:207,4294967295,1,490
BRDA:209,0,0,44
BRDA:209,0,1,542
BRDA:217,0,1,21
BRDA:217,0,2,0
BRDA:219,0,1,1
BRDA:219,0,2,0
BRDA:222,1,3,21
BRDA:222,1,4,1
BRDA:224,4294967295,0,0
BRDA:224,4294967295,1,21
BRDA:226,0,1,21
BRDA:226,0,2,0
BRDA:230,1,3,192
BRDA:230,1,4,1
BRDA:230,2,7,192
BRDA:230,2,8,0
BRDA:232,1,3,2683
BRDA:232,1,4,192
BRDA:235,4294967295,0,485
BRDA:235,4294967295,1,2198
BRDA:238,0,2,2683
BRDA:238,0,3,0
BRDA:238,1,5,206
BRDA:238,1,6,2477
BRDA:240,0,1,206
BRDA:240,0,2,0
BRDA:241,0,3,4482
BRDA:241,0,4,206
BRDA:243,4294967295,0,509
BRDA:243,4294967295,1,3973
BRDA:245,0,0,206
BRDA:245,0,1,4276
BRDA:251,0,1,192
BRDA:251,0,2,0
BRDA:253,0,1,1
BRDA:253,0,2,0
BRDA:255,0,1,21
BRDA:255,0,2,1
BRDA:255,3,4,1
BRDA:255,3,5,0
BRDA:258,0,3,271
BRDA:258,0,4,21
BRDA:260,4294967295,0,44
BRDA:260,4294967295,1,227
BRDA:261,0,0,0
BRDA:261,0,1,271
BRDA:266,3,1,4
BRDA:266,3,2,0
BRDA:266,4,3,4
BRDA:266,4,4,0
BRF:240
BRH:161
DA:15,8
DA:16,1917
DA:17,1913
DA:19,902
DA:20,898
DA:22,4
DA:23,1
DA:24,2
DA:25,1
DA:26,0
DA:28,1
DA:29,1
DA:31,2
DA:32,1
DA:33,1
DA:34,1
DA:35,2
DA:36,2
DA:37,2
DA:38,2
DA:39,1
DA:40,1
DA:42,1
DA:43,1
DA:44,3
DA:45,2
DA:46,2
DA:47,2
DA:48,2
DA:49,2
DA:50,2
DA:51,2
DA:52,2
DA:57,1
DA:58,1
DA:59,2
DA:60,1
DA:61,1
DA:65,1
DA:66,2
DA:67,1
DA:68,0
DA:70,1
DA:71,1
DA:72,2
DA:73,1
DA:75,1
DA:76,1
DA:77,2
DA:78,2
DA:79,2
DA:80,2
DA:81,1
DA:82,1
DA:85,2
DA:86,1
DA:87,1
DA:88,1
DA:89,1
DA:90,1
DA:91,1
DA:92,1
DA:96,1
DA:97,1
DA:98,2
DA:99,1
DA:100,1
DA:104,1
DA:105,3
DA:106,2
DA:107,2
DA:108,2
DA:109,2
DA:110,2
DA:111,2
DA:112,2
DA:115,2
DA:116,1
DA:118,1
DA:119,1
DA:122,2
DA:123,1
DA:124,1
DA:125,1
DA:127,22
DA:128,21
DA:129,21
DA:130,21
DA:131,21
DA:134,22
DA:135,21
DA:136,21
DA:137,292
DA:138,271
DA:139,271
DA:140,271
DA:141,206
DA:146,2
DA:147,4
DA:148,2
DA:149,4
DA:150,10
DA:151,8
DA:152,8
DA:154,10
DA:155,8
DA:156,8
DA:158,2
DA:159,2
DA:160,213
DA:161,213
DA:162,213
DA:163,8
DA:165,205
DA:166,205
DA:167,5
DA:168,200
DA:169,122
DA:171,205
DA:172,26
DA:173,26
DA:176,213
DA:177,1
DA:179,2
DA:180,2
DA:181,1
DA:182,2
DA:183,2
DA:184,1
DA:185,2
DA:186,2
DA:187,1
DA:188,1
DA:189,1
DA:191,22
DA:192,21
DA:195,292
DA:197,542
DA:198,271
DA:202,271
DA:204,44
DA:205,630
DA:206,586
DA:207,586
DA:209,586
DA:210,44
DA:213,44
DA:215,271
DA:217,21
DA:219,1
DA:221,1
DA:222,22
DA:223,21
DA:224,21
DA:225,21
DA:226,21
DA:227,21
DA:230,193
DA:231,192
DA:232,2875
DA:234,5366
DA:235,2683
DA:238,2683
DA:240,206
DA:241,4688
DA:242,4482
DA:243,4482
DA:245,4482
DA:247,206
DA:249,2683
DA:251,192
DA:253,1
DA:255,22
DA:256,21
DA:257,21
DA:258,292
DA:259,271
DA:260,271
DA:261,271
DA:262,271
DA:266,17
LF:181
LH:179
end_of_record
TN:
SF:/Code/cse100_pa4/src/Actor.hpp
FN:22,_ZN5ActorC2Ev
FNDA:4,_ZN5ActorC2Ev
FNF:1
FNH:1
BRDA:22,1,3,4
BRDA:22,1,4,0
BRF:2
BRH:1
DA:22,4
LF:1
LH:1
end_of_record
TN:
SF:/Code/cse100_pa4/src/ActorGraph/ActorGraph.cpp
FN:25,_ZN10ActorGraphC2Ev
FN:37,_ZN10ActorGraph12loadFromFileEPKcbR5Actor
FN:111,_ZN10ActorGraph9writeFileERSt6vectorISt4pairISsSt5stackIS1_ISsSsESt5dequeIS3_SaIS3_EEEESaIS8_EESs
FN:137,_ZN10ActorGraph9writeFileERSt6vectorIS0_ISsSaISsEESaIS2_EES5_SsSs
FN:162,_ZN10ActorGraph8readFileESs
FN:202,_ZN10ActorGraph13readActorFileESs
FN:240,_Z41__static_initialization_and_destruction_0ii
FN:240,_GLOBAL__sub_I_ActorGraph.cpp
FNDA:4,_Z41__static_initialization_and_destruction_0ii
FNDA:3,_ZN10ActorGraph12loadFromFileEPKcbR5Actor
FNDA:4,_ZN10ActorGraphC2Ev
FNDA:1,_ZN10ActorGraph9writeFileERSt6vectorIS0_ISsSaISsEESaIS2_EES5_SsSs
FNDA:4,_GLOBAL__sub_I_ActorGraph.cpp
FNDA:1,_ZN10ActorGraph13readActorFileESs
FNDA:1,_ZN10ActorGraph9writeFileERSt6vectorISt4pairISsSt5stackIS1_ISsSsESt5dequeIS3_SaIS3_EEEESaIS8_EESs
FNDA:1,_ZN10ActorGraph8readFileESs
FNF:8
FNH:8
BRDA:40,0,1,3
BRDA:40,0,2,0
BRDA:45,0,1,3097
BRDA:45,0,2,0
BRDA:45,1,3,3097
BRDA:45,1,4,0
BRDA:46,0,1,3097
BRDA:46,0,2,0
BRDA:48,0,1,3097
BRDA:48,0,2,0
BRDA:48,1,4,3097
BRDA:48,1,5,0
BRDA:48,2,6,3
BRDA:48,2,7,3094
BRDA:50,0,0,3
BRDA:50,0,1,3091
BRDA:56,0,1,3091
BRDA:56,0,2,0
BRDA:56,4,4,3091
BRDA:56,4,5,3
BRDA:56,4,6,3
BRDA:57,4,2,3091
BRDA:57,4,3,0
BRDA:59,0,1,12364
BRDA:59,0,2,0
BRDA:59,1,3,12364
BRDA:59,1,4,0
BRDA:60,0,1,12364
BRDA:60,0,2,0
BRDA:64,0,1,12364
BRDA:64,0,2,0
BRDA:64,1,4,12364
BRDA:64,1,5,0
BRDA:64,2,6,3091
BRDA:64,2,7,9273
BRDA:65,0,1,9273
BRDA:65,0,2,0
BRDA:65,2,4,9273
BRDA:65,2,5,3091
BRDA:68,0,1,0
BRDA:68,0,2,3091
BRDA:73,0,2,3091
BRDA:73,0,3,0
BRDA:73,1,6,3091
BRDA:73,1,7,0
BRDA:74,0,2,3091
BRDA:74,0,3,0
BRDA:75,0,2,3091
BRDA:75,0,3,0
BRDA:76,0,2,3091
BRDA:76,0,3,0
BRDA:76,1,5,3091
BRDA:76,1,6,0
BRDA:77,4294967295,2,3091
BRDA:77,4294967295,3,0
BRDA:77,0,5,1911
BRDA:77,0,6,1180
BRDA:78,0,1,1911
BRDA:78,0,2,0
BRDA:78,1,4,1911
BRDA:78,1,5,0
BRDA:78,2,7,1911
BRDA:78,2,8,0
BRDA:79,4294967295,1,1911
BRDA:79,4294967295,2,0
BRDA:79,0,4,1911
BRDA:79,0,5,0
BRDA:81,0,2,3091
BRDA:81,0,3,0
BRDA:81,1,5,897
BRDA:81,1,6,2194
BRDA:82,0,1,897
BRDA:82,0,2,0
BRDA:82,1,4,897
BRDA:82,1,5,0
BRDA:82,2,7,897
BRDA:82,2,8,0
BRDA:83,4294967295,1,897
BRDA:83,4294967295,2,0
BRDA:83,0,4,897
BRDA:83,0,5,0
BRDA:85,0,1,3091
BRDA:85,0,2,0
BRDA:86,0,1,3091
BRDA:86,0,2,0
BRDA:88,1,4,4465
BRDA:88,1,5,3091
BRDA:89,4294967295,0,4456
BRDA:89,4294967295,1,9
BRDA:92,4294967295,1,4456
BRDA:92,4294967295,2,0
BRDA:93,0,2,4456
BRDA:93,0,3,0
BRDA:97,4294967295,1,9
BRDA:97,4294967295,2,0
BRDA:98,0,2,9
BRDA:98,0,3,0
BRDA:101,0,3,3091
BRDA:101,0,4,0
BRDA:103,0,1,3
BRDA:103,0,2,0
BRDA:103,1,3,0
BRDA:103,1,4,3
BRDA:104,0,1,-
BRDA:104,0,2,-
BRDA:104,1,4,-
BRDA:104,1,5,-
BRDA:104,2,7,-
BRDA:104,2,8,-
BRDA:107,0,1,3
BRDA:107,0,2,0
BRDA:114,0,1,1
BRDA:114,0,2,0
BRDA:115,0,1,1
BRDA:115,0,2,0
BRDA:116,0,1,1
BRDA:116,0,2,0
BRDA:116,1,4,1
BRDA:116,1,5,0
BRDA:117,1,3,1
BRDA:117,1,4,1
BRDA:117,2,7,1
BRDA:117,2,8,0
BRDA:118,0,1,1
BRDA:118,0,2,0
BRDA:119,0,1,1
BRDA:119,0,2,0
BRDA:120,0,1,1
BRDA:120,0,2,0
BRDA:120,1,4,1
BRDA:120,1,5,0
BRDA:120,2,7,1
BRDA:120,2,8,0
BRDA:122,0,1,-
BRDA:122,0,2,-
BRDA:125,0,1,1
BRDA:125,0,2,1
BRDA:126,0,2,1
BRDA:126,0,3,0
BRDA:129,4294967295,1,1
BRDA:129,4294967295,2,0
BRDA:129,0,4,1
BRDA:129,0,5,0
BRDA:129,1,7,1
BRDA:129,1,8,0
BRDA:129,2,10,1
BRDA:129,2,11,0
BRDA:129,3,13,1
BRDA:129,3,14,0
BRDA:129,4,16,1
BRDA:129,4,17,0
BRDA:130,0,1,0
BRDA:130,0,2,1
BRDA:130,1,4,-
BRDA:130,1,5,-
BRDA:132,0,1,1
BRDA:132,0,2,0
BRDA:132,2,4,1
BRDA:132,2,5,0
BRDA:135,0,1,1
BRDA:135,0,2,0
BRDA:140,0,1,1
BRDA:140,0,2,0
BRDA:141,0,1,1
BRDA:141,0,2,0
BRDA:142,0,1,1
BRDA:142,0,2,0
BRDA:142,1,4,1
BRDA:142,1,5,0
BRDA:143,1,3,1
BRDA:143,1,4,1
BRDA:143,2,7,1
BRDA:143,2,8,0
BRDA:144,1,1,4
BRDA:144,1,2,1
BRDA:145,0,2,4
BRDA:145,0,3,0
BRDA:146,0,1,3
BRDA:146,0,2,1
BRDA:146,1,4,3
BRDA:146,1,5,0
BRDA:148,0,1,1
BRDA:148,0,2,0
BRDA:150,0,1,1
BRDA:150,0,2,0
BRDA:151,0,1,1
BRDA:151,0,2,0
BRDA:152,0,1,1
BRDA:152,0,2,0
BRDA:152,1,4,1
BRDA:152,1,5,0
BRDA:153,1,3,1
BRDA:153,1,4,1
BRDA:153,2,7,1
BRDA:153,2,8,0
BRDA:154,1,1,4
BRDA:154,1,2,1
BRDA:155,0,2,4
BRDA:155,0,3,0
BRDA:156,0,1,3
BRDA:156,0,2,1
BRDA:156,1,4,3
BRDA:156,1,5,0
BRDA:158,0,1,1
BRDA:158,0,2,0
BRDA:160,0,1,1
BRDA:160,0,2,0
BRDA:163,0,1,1
BRDA:163,0,2,0
BRDA:165,0,1,9
BRDA:165,0,2,0
BRDA:165,1,3,9
BRDA:165,1,4,0
BRDA:166,0,1,9
BRDA:166,0,2,0
BRDA:168,0,1,9
BRDA:168,0,2,0
BRDA:168,1,4,9
BRDA:168,1,5,0
BRDA:168,2,6,1
BRDA:168,2,7,8
BRDA:170,0,0,1
BRDA:170,0,1,7
BRDA:175,0,1,7
BRDA:175,0,2,0
BRDA:175,4,4,6
BRDA:175,4,5,1
BRDA:175,4,6,2
BRDA:176,4,2,6
BRDA:176,4,3,1
BRDA:177,0,1,20
BRDA:177,0,2,0
BRDA:177,1,3,20
BRDA:177,1,4,0
BRDA:178,0,1,20
BRDA:178,0,2,0
BRDA:181,0,1,20
BRDA:181,0,2,0
BRDA:181,1,4,20
BRDA:181,1,5,0
BRDA:181,2,6,7
BRDA:181,2,7,13
BRDA:182,0,1,13
BRDA:182,0,2,0
BRDA:182,2,4,13
BRDA:182,2,5,7
BRDA:185,0,1,1
BRDA:185,0,2,6
BRDA:189,0,2,6
BRDA:189,0,3,0
BRDA:189,1,6,6
BRDA:189,1,7,1
BRDA:190,0,2,6
BRDA:190,0,3,0
BRDA:191,0,1,6
BRDA:191,0,2,0
BRDA:191,1,4,6
BRDA:191,1,5,0
BRDA:193,0,1,1
BRDA:193,0,2,0
BRDA:193,1,3,0
BRDA:193,1,4,1
BRDA:194,0,1,-
BRDA:194,0,2,-
BRDA:194,1,4,-
BRDA:194,1,5,-
BRDA:194,2,7,-
BRDA:194,2,8,-
BRDA:197,0,1,1
BRDA:197,0,2,0
BRDA:203,0,1,1
BRDA:203,0,2,0
BRDA:205,0,1,10
BRDA:205,0,2,0
BRDA:205,1,3,10
BRDA:205,1,4,0
BRDA:206,0,1,10
BRDA:206,0,2,0
BRDA:208,0,1,10
BRDA:208,0,2,0
BRDA:208,1,4,10
BRDA:208,1,5,0
BRDA:208,2,6,1
BRDA:208,2,7,9
BRDA:210,0,0,1
BRDA:210,0,1,8
BRDA:216,0,1,8
BRDA:216,0,2,0
BRDA:216,4,4,7
BRDA:216,4,5,1
BRDA:216,4,6,2
BRDA:217,4,2,7
BRDA:217,4,3,1
BRDA:218,0,1,15
BRDA:218,0,2,0
BRDA:218,1,3,15
BRDA:218,1,4,0
BRDA:219,0,1,15
BRDA:219,0,2,0
BRDA:222,0,1,15
BRDA:222,0,2,0
BRDA:222,1,4,15
BRDA:222,1,5,0
BRDA:222,2,6,8
BRDA:222,2,7,7
BRDA:223,0,1,7
BRDA:223,0,2,0
BRDA:223,2,4,7
BRDA:223,2,5,8
BRDA:226,0,1,1
BRDA:226,0,2,7
BRDA:230,0,2,7
BRDA:230,0,3,0
BRDA:230,2,6,7
BRDA:230,2,7,1
BRDA:231,0,1,7
BRDA:231,0,2,0
BRDA:233,0,1,1
BRDA:233,0,2,0
BRDA:233,1,3,0
BRDA:233,1,4,1
BRDA:234,0,1,-
BRDA:234,0,2,-
BRDA:234,1,4,-
BRDA:234,1,5,-
BRDA:234,2,7,-
BRDA:234,2,8,-
BRDA:237,0,1,1
BRDA:237,0,2,0
BRDA:240,3,1,4
BRDA:240,3,2,0
BRDA:240,4,3,4
BRDA:240,4,4,0
BRF:333
BRH:190
DA:25,8
DA:37,3
DA:40,6
DA:42,3
DA:45,3097
DA:46,6194
DA:48,3097
DA:50,3094
DA:52,3
DA:53,3
DA:56,6188
DA:57,6182
DA:59,15455
DA:60,21637
DA:64,12364
DA:65,12364
DA:68,3091
DA:70,0
DA:73,6182
DA:74,6182
DA:75,3091
DA:76,6182
DA:77,3091
DA:78,1911
DA:79,1911
DA:81,3091
DA:82,897
DA:83,897
DA:85,3091
DA:86,3091
DA:87,3091
DA:88,7556
DA:89,4465
DA:91,4456
DA:92,4456
DA:93,4456
DA:95,9
DA:96,9
DA:97,9
DA:98,9
DA:101,3091
DA:103,3
DA:104,0
DA:105,0
DA:107,3
DA:109,3
DA:111,1
DA:114,2
DA:115,1
DA:116,1
DA:117,2
DA:118,1
DA:119,2
DA:120,1
DA:122,0
DA:123,0
DA:125,2
DA:126,2
DA:127,1
DA:129,1
DA:130,1
DA:132,1
DA:135,1
DA:136,1
DA:137,1
DA:140,2
DA:141,1
DA:142,1
DA:143,2
DA:144,5
DA:145,4
DA:146,4
DA:148,1
DA:150,1
DA:151,1
DA:152,1
DA:153,2
DA:154,5
DA:155,4
DA:156,4
DA:158,1
DA:160,1
DA:161,1
DA:162,1
DA:163,2
DA:164,1
DA:165,9
DA:166,18
DA:168,9
DA:170,8
DA:172,1
DA:173,1
DA:175,16
DA:176,14
DA:177,27
DA:178,33
DA:181,20
DA:182,20
DA:185,7
DA:187,1
DA:189,13
DA:190,12
DA:191,6
DA:193,1
DA:194,0
DA:195,0
DA:197,1
DA:199,1
DA:202,1
DA:203,2
DA:204,1
DA:205,10
DA:206,20
DA:208,10
DA:210,9
DA:212,1
DA:213,1
DA:216,18
DA:217,16
DA:218,23
DA:219,22
DA:222,15
DA:223,15
DA:226,8
DA:228,1
DA:230,15
DA:231,7
DA:233,1
DA:234,0
DA:235,0
DA:237,1
DA:239,1
DA:240,16
LF:133
LH:124
end_of_record
TN:
SF:/Code/cse100_pa4/src/ActorGraph/ActorGraph.hpp
FN:28,_ZN10ActorGraphD2Ev
FNDA:4,_ZN10ActorGraphD2Ev
FNF:1
FNH:1
DA:28,8
LF:1
LH:1
end_of_record
TN:
SF:/Code/cse100_pa4/src/Node/ActorNode.hpp
FN:36,_ZN9ActorNodeC2ESs
FN:38,_ZN9ActorNodeD2Ev
FN:45,_ZNK13ActorNodeCompclERP9ActorNodeS2_
FN:57,_ZNK12ActorDisCompclERP9ActorNodeS2_
FNDA:1913,_ZN9ActorNodeD2Ev
FNDA:1,_ZNK12ActorDisCompclERP9ActorNodeS2_
FNDA:103,_ZNK13ActorNodeCompclERP9ActorNodeS2_
FNDA:1913,_ZN9ActorNodeC2ESs
FNF:4
FNH:4
BRDA:36,1,3,1913
BRDA:36,1,4,0
BRDA:46,0,0,81
BRDA:46,0,1,22
BRDA:58,0,0,1
BRDA:58,0,1,0
BRF:6
BRH:4
DA:36,1913
DA:38,3826
DA:45,103
DA:46,103
DA:47,81
DA:49,22
DA:57,1
DA:58,1
DA:59,1
DA:61,0
LF:10
LH:9
end_of_record
TN:
SF:/Code/cse100_pa4/src/Node/Edge.hpp
FN:27,_ZN4EdgeC2EP9ActorNodeS1_P9MovieNodei
FNDA:4466,_ZN4EdgeC2EP9ActorNodeS1_P9MovieNodei
FNF:1
FNH:1
DA:27,4466
DA:28,4466
LF:2
LH:2
end_of_record
TN:
SF:/Code/cse100_pa4/src/Node/MovieNode.hpp
FN:32,_ZN9MovieNodeC2ESsi
FN:34,_ZN9MovieNodeD2Ev
FNDA:898,_ZN9MovieNodeD2Ev
FNDA:898,_ZN9MovieNodeC2ESsi
FNF:2
FNH:2
DA:32,1796
DA:34,1796
LF:2
LH:2
end_of_record
TN:
SF:/Code/cse100_pa4/src/linkpredictor.cpp
FN:21,main
FN:50,_Z41__static_initialization_and_destruction_0ii
FN:50,_GLOBAL__sub_I_main
FNDA:0,_Z41__static_initialization_and_destruction_0ii
FNDA:0,_GLOBAL__sub_I_main
FNDA:0,main
FNF:3
FNH:0
DA:21,0
DA:22,0
DA:23,0
DA:25,0
DA:26,0
DA:27,0
DA:28,0
DA:29,0
DA:30,0
DA:31,0
DA:32,0
DA:33,0
DA:34,0
DA:35,0
DA:37,0
DA:38,0
DA:39,0
DA:41,0
DA:43,0
DA:45,0
DA:47,0
DA:49,0
DA:50,0
LF:23
LH:0
end_of_record
TN:
SF:/Code/cse100_pa4/src/pathfinder.cpp
FN:17,main
FN:67,_Z41__static_initialization_and_destruction_0ii
FN:67,_GLOBAL__sub_I_main
FNDA:0,_Z41__static_initialization_and_destruction_0ii
FNDA:0,_GLOBAL__sub_I_main
FNDA:0,main
FNF:3
FNH:0
DA:17,0
DA:18,0
DA:19,0
DA:20,0
DA:21,0
DA:23,0
DA:24,0
DA:25,0
DA:26,0
DA:27,0
DA:28,0
DA:29,0
DA:30,0
DA:31,0
DA:32,0
DA:33,0
DA:35,0
DA:36,0
DA:39,0
DA:41,0
DA:42,0
DA:43,0
DA:44,0
DA:45,0
DA:46,0
DA:49,0
DA:50,0
DA:53,0
DA:55,0
DA:56,0
DA:57,0
DA:58,0
DA:59,0
DA:60,0
DA:63,0
DA:66,0
DA:67,0
LF:37
LH:0
end_of_record
